<?xml version="1.0" encoding="UTF-8"?>
<!-- Generated by org.testng.reporters.JUnitReportReporter -->
<testsuite hostname="DESKTOP-19MK4S1" failures="0" tests="5" name="datadriventesting.ExcelToDataProviderClass" time="0.023" errors="0" timestamp="2024-09-26T08:37:39 IST" skipped="0">
  <testcase classname="datadriventesting.ExcelToDataProviderClass" name="runData" time="0.002"/>
  <system-out/>
  <testcase classname="datadriventesting.ExcelToDataProviderClass" name="runData" time="0.002"/>
  <system-out/>
  <testcase classname="datadriventesting.ExcelToDataProviderClass" name="runData" time="0.003"/>
  <system-out/>
  <testcase classname="datadriventesting.ExcelToDataProviderClass" name="runData" time="0.014"/>
  <system-out/>
  <testcase classname="datadriventesting.ExcelToDataProviderClass" name="runData" time="0.002"/>
  <system-out/>
</testsuite> <!-- datadriventesting.ExcelToDataProviderClass -->
