<?xml version="1.0" encoding="UTF-8"?>
<!-- Generated by org.testng.reporters.JUnitReportReporter -->
<testsuite hostname="DESKTOP-19MK4S1" failures="0" tests="2" name="learntestng.Check" time="0.028" errors="0" timestamp="2024-06-07T23:04:21 IST" skipped="0">
  <testcase classname="learntestng.Check" name="test1" time="0.019"/>
  <system-out/>
  <testcase classname="learntestng.Check" name="test2" time="0.009"/>
  <system-out/>
</testsuite> <!-- learntestng.Check -->
