<?xml version="1.0" encoding="UTF-8"?>
<!-- Generated by org.testng.reporters.JUnitReportReporter -->
<testsuite hostname="DESKTOP-19MK4S1" failures="0" tests="2" name="datadriventesting.DataProviderClass" time="0.016" errors="0" timestamp="2024-09-26T08:31:48 IST" skipped="0">
  <testcase classname="datadriventesting.DataProviderClass" name="testCase" time="0.014"/>
  <system-out/>
  <testcase classname="datadriventesting.DataProviderClass" name="testCase" time="0.002"/>
  <system-out/>
</testsuite> <!-- datadriventesting.DataProviderClass -->
